mode: set
github.com/odanaraujo/user-api/internal/model/user.go:16.33,17.18 1 0
github.com/odanaraujo/user-api/internal/model/user.go:17.18,19.3 1 0
github.com/odanaraujo/user-api/internal/model/user.go:20.2,20.17 1 0
github.com/odanaraujo/user-api/internal/model/user.go:20.17,22.3 1 0
github.com/odanaraujo/user-api/internal/model/user.go:23.2,23.16 1 0
github.com/odanaraujo/user-api/internal/model/user.go:23.16,25.3 1 0
github.com/odanaraujo/user-api/internal/model/user.go:26.2,26.25 1 0
github.com/odanaraujo/user-api/internal/model/user.go:26.25,28.3 1 0
github.com/odanaraujo/user-api/internal/model/user.go:29.2,29.19 1 0
github.com/odanaraujo/user-api/internal/model/user.go:29.19,31.3 1 0
github.com/odanaraujo/user-api/internal/model/user.go:32.2,32.28 1 0
github.com/odanaraujo/user-api/internal/model/user.go:32.28,34.3 1 0
github.com/odanaraujo/user-api/internal/model/user.go:35.2,35.12 1 0
github.com/odanaraujo/user-api/internal/model/user.go:38.35,40.2 1 0
github.com/odanaraujo/user-api/internal/model/user.go:42.39,45.2 2 0
github.com/odanaraujo/user-api/internal/handler/user_handler.go:17.56,19.2 1 0
github.com/odanaraujo/user-api/internal/handler/user_handler.go:21.51,25.16 4 0
github.com/odanaraujo/user-api/internal/handler/user_handler.go:25.16,28.3 2 0
github.com/odanaraujo/user-api/internal/handler/user_handler.go:30.2,30.29 1 0
github.com/odanaraujo/user-api/internal/handler/user_handler.go:33.50,36.56 3 0
github.com/odanaraujo/user-api/internal/handler/user_handler.go:36.56,40.3 3 0
github.com/odanaraujo/user-api/internal/handler/user_handler.go:42.2,43.16 2 0
github.com/odanaraujo/user-api/internal/handler/user_handler.go:43.16,46.3 2 0
github.com/odanaraujo/user-api/internal/handler/user_handler.go:48.2,48.40 1 0
github.com/odanaraujo/user-api/internal/handler/user_handler.go:51.50,54.56 3 0
github.com/odanaraujo/user-api/internal/handler/user_handler.go:54.56,58.3 3 0
github.com/odanaraujo/user-api/internal/handler/user_handler.go:60.2,60.55 1 0
github.com/odanaraujo/user-api/internal/handler/user_handler.go:60.55,63.3 2 0
github.com/odanaraujo/user-api/internal/handler/user_handler.go:65.2,65.32 1 0
github.com/odanaraujo/user-api/internal/handler/user_handler.go:68.50,71.54 3 0
github.com/odanaraujo/user-api/internal/handler/user_handler.go:71.54,74.3 2 0
github.com/odanaraujo/user-api/internal/handler/user_handler.go:76.2,76.32 1 0
github.com/odanaraujo/user-api/infrastructure/loggers/context.go:16.74,18.2 1 0
github.com/odanaraujo/user-api/infrastructure/loggers/context.go:21.51,22.16 1 0
github.com/odanaraujo/user-api/infrastructure/loggers/context.go:22.16,24.3 1 0
github.com/odanaraujo/user-api/infrastructure/loggers/context.go:26.2,26.65 1 0
github.com/odanaraujo/user-api/infrastructure/loggers/context.go:26.65,28.3 1 0
github.com/odanaraujo/user-api/infrastructure/loggers/context.go:30.2,30.12 1 0
github.com/odanaraujo/user-api/infrastructure/loggers/context.go:34.54,35.68 1 0
github.com/odanaraujo/user-api/infrastructure/loggers/context.go:35.68,37.3 1 0
github.com/odanaraujo/user-api/infrastructure/loggers/context.go:38.2,38.12 1 0
github.com/odanaraujo/user-api/infrastructure/loggers/logger.go:24.13,39.2 2 0
github.com/odanaraujo/user-api/infrastructure/loggers/logger.go:41.46,43.2 1 0
github.com/odanaraujo/user-api/infrastructure/loggers/logger.go:45.58,48.2 2 0
github.com/odanaraujo/user-api/infrastructure/loggers/logger.go:51.29,54.18 2 0
github.com/odanaraujo/user-api/infrastructure/loggers/logger.go:54.18,56.3 1 0
github.com/odanaraujo/user-api/infrastructure/loggers/logger.go:58.2,58.15 1 0
github.com/odanaraujo/user-api/infrastructure/loggers/logger.go:62.35,63.66 1 0
github.com/odanaraujo/user-api/infrastructure/loggers/logger.go:64.18,65.27 1 0
github.com/odanaraujo/user-api/infrastructure/loggers/logger.go:66.19,67.28 1 0
github.com/odanaraujo/user-api/infrastructure/loggers/logger.go:68.19,69.28 1 0
github.com/odanaraujo/user-api/infrastructure/loggers/logger.go:70.10,71.27 1 0
github.com/odanaraujo/user-api/infrastructure/loggers/logger.go:75.30,77.2 1 0
github.com/odanaraujo/user-api/infrastructure/loggers/logger.go:79.14,81.2 1 0
github.com/odanaraujo/user-api/cache/memory.go:20.73,30.2 3 0
github.com/odanaraujo/user-api/cache/memory.go:32.38,34.21 2 0
github.com/odanaraujo/user-api/cache/memory.go:34.21,36.3 1 0
github.com/odanaraujo/user-api/cache/memory.go:39.33,45.48 4 0
github.com/odanaraujo/user-api/cache/memory.go:45.48,46.40 1 0
github.com/odanaraujo/user-api/cache/memory.go:46.40,49.4 2 0
github.com/odanaraujo/user-api/cache/memory.go:53.97,57.14 3 0
github.com/odanaraujo/user-api/cache/memory.go:57.14,59.3 1 0
github.com/odanaraujo/user-api/cache/memory.go:61.2,62.45 2 0
github.com/odanaraujo/user-api/cache/memory.go:65.79,70.37 4 0
github.com/odanaraujo/user-api/cache/memory.go:70.37,74.3 3 0
github.com/odanaraujo/user-api/cache/memory.go:76.2,77.16 2 0
github.com/odanaraujo/user-api/cache/memory.go:80.67,86.2 4 0
github.com/odanaraujo/user-api/infrastructure/exception/exception.go:21.36,23.2 1 0
github.com/odanaraujo/user-api/infrastructure/exception/exception.go:26.85,33.2 1 0
github.com/odanaraujo/user-api/infrastructure/exception/exception.go:35.53,41.2 1 0
github.com/odanaraujo/user-api/infrastructure/exception/exception.go:43.62,49.2 1 0
github.com/odanaraujo/user-api/infrastructure/exception/exception.go:51.80,58.2 1 0
github.com/odanaraujo/user-api/infrastructure/exception/exception.go:60.57,66.2 1 0
github.com/odanaraujo/user-api/infrastructure/exception/exception.go:68.51,74.2 1 0
github.com/odanaraujo/user-api/infrastructure/exception/exception.go:76.52,82.2 1 0
github.com/odanaraujo/user-api/main.go:8.13,13.2 3 0
github.com/odanaraujo/user-api/infrastructure/middleware/correlation.go:12.48,13.30 1 0
github.com/odanaraujo/user-api/infrastructure/middleware/correlation.go:13.30,15.16 2 0
github.com/odanaraujo/user-api/infrastructure/middleware/correlation.go:15.16,17.4 1 0
github.com/odanaraujo/user-api/infrastructure/middleware/correlation.go:19.3,28.11 6 0
github.com/odanaraujo/user-api/infrastructure/middleware/logger.go:11.41,12.32 1 0
github.com/odanaraujo/user-api/infrastructure/middleware/logger.go:12.32,31.3 5 0
github.com/odanaraujo/user-api/routes/user_routes.go:17.36,25.2 6 0
github.com/odanaraujo/user-api/routes/user_routes.go:25.2,30.3 4 0
github.com/odanaraujo/user-api/router/router.go:9.30,17.2 6 0
github.com/odanaraujo/user-api/cache/memory.go:20.73,30.2 3 0
github.com/odanaraujo/user-api/cache/memory.go:32.38,34.21 2 0
github.com/odanaraujo/user-api/cache/memory.go:34.21,36.3 1 0
github.com/odanaraujo/user-api/cache/memory.go:39.33,45.48 4 0
github.com/odanaraujo/user-api/cache/memory.go:45.48,46.40 1 0
github.com/odanaraujo/user-api/cache/memory.go:46.40,49.4 2 0
github.com/odanaraujo/user-api/cache/memory.go:53.97,57.14 3 0
github.com/odanaraujo/user-api/cache/memory.go:57.14,59.3 1 0
github.com/odanaraujo/user-api/cache/memory.go:61.2,62.45 2 0
github.com/odanaraujo/user-api/cache/memory.go:65.79,70.37 4 0
github.com/odanaraujo/user-api/cache/memory.go:70.37,74.3 3 0
github.com/odanaraujo/user-api/cache/memory.go:76.2,77.16 2 0
github.com/odanaraujo/user-api/cache/memory.go:80.67,86.2 4 0
github.com/odanaraujo/user-api/infrastructure/exception/exception.go:21.36,23.2 1 0
github.com/odanaraujo/user-api/infrastructure/exception/exception.go:26.85,33.2 1 0
github.com/odanaraujo/user-api/infrastructure/exception/exception.go:35.53,41.2 1 1
github.com/odanaraujo/user-api/infrastructure/exception/exception.go:43.62,49.2 1 0
github.com/odanaraujo/user-api/infrastructure/exception/exception.go:51.80,58.2 1 0
github.com/odanaraujo/user-api/infrastructure/exception/exception.go:60.57,66.2 1 1
github.com/odanaraujo/user-api/infrastructure/exception/exception.go:68.51,74.2 1 1
github.com/odanaraujo/user-api/infrastructure/exception/exception.go:76.52,82.2 1 0
github.com/odanaraujo/user-api/infrastructure/loggers/context.go:16.74,18.2 1 0
github.com/odanaraujo/user-api/infrastructure/loggers/context.go:21.51,22.16 1 1
github.com/odanaraujo/user-api/infrastructure/loggers/context.go:22.16,24.3 1 0
github.com/odanaraujo/user-api/infrastructure/loggers/context.go:26.2,26.65 1 1
github.com/odanaraujo/user-api/infrastructure/loggers/context.go:26.65,28.3 1 0
github.com/odanaraujo/user-api/infrastructure/loggers/context.go:30.2,30.12 1 1
github.com/odanaraujo/user-api/infrastructure/loggers/context.go:34.54,35.68 1 0
github.com/odanaraujo/user-api/infrastructure/loggers/context.go:35.68,37.3 1 0
github.com/odanaraujo/user-api/infrastructure/loggers/context.go:38.2,38.12 1 0
github.com/odanaraujo/user-api/infrastructure/loggers/logger.go:24.13,39.2 2 1
github.com/odanaraujo/user-api/infrastructure/loggers/logger.go:41.46,43.2 1 0
github.com/odanaraujo/user-api/infrastructure/loggers/logger.go:45.58,48.2 2 0
github.com/odanaraujo/user-api/infrastructure/loggers/logger.go:51.29,54.18 2 1
github.com/odanaraujo/user-api/infrastructure/loggers/logger.go:54.18,56.3 1 1
github.com/odanaraujo/user-api/infrastructure/loggers/logger.go:58.2,58.15 1 0
github.com/odanaraujo/user-api/infrastructure/loggers/logger.go:62.35,63.66 1 1
github.com/odanaraujo/user-api/infrastructure/loggers/logger.go:64.18,65.27 1 0
github.com/odanaraujo/user-api/infrastructure/loggers/logger.go:66.19,67.28 1 0
github.com/odanaraujo/user-api/infrastructure/loggers/logger.go:68.19,69.28 1 0
github.com/odanaraujo/user-api/infrastructure/loggers/logger.go:70.10,71.27 1 1
github.com/odanaraujo/user-api/infrastructure/loggers/logger.go:75.30,77.2 1 0
github.com/odanaraujo/user-api/infrastructure/loggers/logger.go:79.14,81.2 1 0
github.com/odanaraujo/user-api/internal/model/user.go:16.33,17.18 1 1
github.com/odanaraujo/user-api/internal/model/user.go:17.18,19.3 1 0
github.com/odanaraujo/user-api/internal/model/user.go:20.2,20.17 1 1
github.com/odanaraujo/user-api/internal/model/user.go:20.17,22.3 1 0
github.com/odanaraujo/user-api/internal/model/user.go:23.2,23.16 1 1
github.com/odanaraujo/user-api/internal/model/user.go:23.16,25.3 1 0
github.com/odanaraujo/user-api/internal/model/user.go:26.2,26.25 1 1
github.com/odanaraujo/user-api/internal/model/user.go:26.25,28.3 1 0
github.com/odanaraujo/user-api/internal/model/user.go:29.2,29.19 1 1
github.com/odanaraujo/user-api/internal/model/user.go:29.19,31.3 1 0
github.com/odanaraujo/user-api/internal/model/user.go:32.2,32.28 1 1
github.com/odanaraujo/user-api/internal/model/user.go:32.28,34.3 1 1
github.com/odanaraujo/user-api/internal/model/user.go:35.2,35.12 1 1
github.com/odanaraujo/user-api/internal/model/user.go:38.35,40.2 1 1
github.com/odanaraujo/user-api/internal/model/user.go:42.39,45.2 2 1
github.com/odanaraujo/user-api/internal/user/service.go:31.53,33.2 1 1
github.com/odanaraujo/user-api/internal/user/service.go:35.103,36.14 1 1
github.com/odanaraujo/user-api/internal/user/service.go:36.14,38.3 1 0
github.com/odanaraujo/user-api/internal/user/service.go:40.2,42.9 3 1
github.com/odanaraujo/user-api/internal/user/service.go:42.9,46.3 3 1
github.com/odanaraujo/user-api/internal/user/service.go:48.2,48.57 1 1
github.com/odanaraujo/user-api/internal/user/service.go:48.57,52.3 3 1
github.com/odanaraujo/user-api/internal/user/service.go:54.2,54.19 1 1
github.com/odanaraujo/user-api/internal/user/service.go:57.109,58.40 1 1
github.com/odanaraujo/user-api/internal/user/service.go:58.40,62.3 3 1
github.com/odanaraujo/user-api/internal/user/service.go:64.2,65.16 2 1
github.com/odanaraujo/user-api/internal/user/service.go:65.16,69.3 3 0
github.com/odanaraujo/user-api/internal/user/service.go:71.2,73.18 2 1
github.com/odanaraujo/user-api/internal/user/service.go:77.94,78.40 1 0
github.com/odanaraujo/user-api/internal/user/service.go:78.40,82.3 3 0
github.com/odanaraujo/user-api/internal/user/service.go:84.2,85.9 2 0
github.com/odanaraujo/user-api/internal/user/service.go:85.9,87.3 1 0
github.com/odanaraujo/user-api/internal/user/service.go:89.2,90.55 2 0
github.com/odanaraujo/user-api/internal/user/service.go:90.55,92.3 1 0
github.com/odanaraujo/user-api/internal/user/service.go:94.2,96.16 3 0
github.com/odanaraujo/user-api/internal/user/service.go:96.16,98.3 1 0
github.com/odanaraujo/user-api/internal/user/service.go:100.2,102.12 2 0
github.com/odanaraujo/user-api/internal/user/service.go:106.87,107.14 1 1
github.com/odanaraujo/user-api/internal/user/service.go:107.14,109.3 1 0
github.com/odanaraujo/user-api/internal/user/service.go:111.2,111.40 1 1
github.com/odanaraujo/user-api/internal/user/service.go:111.40,113.3 1 1
github.com/odanaraujo/user-api/internal/user/service.go:115.2,116.12 2 1
github.com/odanaraujo/user-api/internal/user/service.go:119.81,120.24 1 0
github.com/odanaraujo/user-api/internal/user/service.go:120.24,122.3 1 0
github.com/odanaraujo/user-api/internal/user/service.go:124.2,124.23 1 0
github.com/odanaraujo/user-api/internal/user/service.go:124.23,126.3 1 0
github.com/odanaraujo/user-api/internal/user/service.go:128.2,128.22 1 0
github.com/odanaraujo/user-api/internal/user/service.go:128.22,130.3 1 0
github.com/odanaraujo/user-api/internal/user/service.go:132.2,132.25 1 0
github.com/odanaraujo/user-api/internal/user/service.go:132.25,134.3 1 0
github.com/odanaraujo/user-api/internal/user/service.go:136.2,136.16 1 0
